  Game.cpp
D:\dev\ECSver1.0\ECSver1.0\src\Game.cpp(32,12): warning C4244: “参数”: 从“time_t”转换到“unsigned int”，可能丢失数据
D:\dev\ECSver1.0\ECSver1.0\src\Game.cpp(109,86): warning C4244: “参数”: 从“T”转换到“float”，可能丢失数据
          with
          [
              T=int
          ]
D:\dev\ECSver1.0\ECSver1.0\src\Game.cpp(109,50): warning C4244: “参数”: 从“T”转换到“float”，可能丢失数据
          with
          [
              T=int
          ]
D:\dev\ECSver1.0\ECSver1.0\src\Game.cpp(210,84): warning C4244: “参数”: 从“T”转换到“float”，可能丢失数据
          with
          [
              T=unsigned int
          ]
D:\dev\ECSver1.0\ECSver1.0\src\Game.cpp(210,58): warning C4244: “参数”: 从“T”转换到“float”，可能丢失数据
          with
          [
              T=unsigned int
          ]
D:\dev\ECSver1.0\ECSver1.0\src\Game.cpp(229,11): warning C4244: “初始化”: 从“T”转换到“float”，可能丢失数据
          with
          [
              T=unsigned int
          ]
D:\dev\ECSver1.0\ECSver1.0\src\Game.cpp(230,11): warning C4244: “初始化”: 从“T”转换到“float”，可能丢失数据
          with
          [
              T=unsigned int
          ]
D:\dev\ECSver1.0\ECSver1.0\src\Game.cpp(250,11): warning C4244: “初始化”: 从“T”转换到“float”，可能丢失数据
          with
          [
              T=unsigned int
          ]
D:\dev\ECSver1.0\ECSver1.0\src\Game.cpp(251,11): warning C4244: “初始化”: 从“T”转换到“float”，可能丢失数据
          with
          [
              T=unsigned int
          ]
D:\dev\ECSver1.0\ECSver1.0\src\Game.cpp(253,9): warning C4244: “初始化”: 从“float”转换到“int”，可能丢失数据
D:\dev\ECSver1.0\ECSver1.0\src\Game.cpp(254,37): warning C4244: “参数”: 从“int”转换到“float”，可能丢失数据
D:\dev\ECSver1.0\ECSver1.0\src\Game.cpp(254,25): warning C4244: “参数”: 从“int”转换到“float”，可能丢失数据
C:\Program Files\Microsoft Visual Studio\2022\Community\VC\Tools\MSVC\14.36.32532\include\xutility(265,77): warning C4244: “参数”: 从“_Ty”转换到“float”，可能丢失数据
          with
          [
              _Ty=int
          ]
C:\Program Files\Microsoft Visual Studio\2022\Community\VC\Tools\MSVC\14.36.32532\include\memory(2092,13): message : 查看对正在编译的函数 模板 实例化“void std::_Construct_in_place<_Ty,Vec2,Vec2,int>(_Ty &,Vec2 &&,Vec2 &&,int &&) noexcept(false)”的引用
          with
          [
              _Ty=CTransform
          ]
C:\Program Files\Microsoft Visual Studio\2022\Community\VC\Tools\MSVC\14.36.32532\include\memory(2765,46): message : 查看对正在编译的函数 模板 实例化“std::_Ref_count_obj2<CTransform>::_Ref_count_obj2<_Ty,_Ty,int>(_Ty &&,_Ty &&,int &&)”的引用
          with
          [
              _Ty=Vec2
          ]
D:\dev\ECSver1.0\ECSver1.0\src\Game.cpp(232,23): message : 查看对正在编译的函数 模板 实例化“std::shared_ptr<CTransform> std::make_shared<CTransform,Vec2,Vec2,int>(Vec2 &&,Vec2 &&,int &&)”的引用
C:\Program Files\Microsoft Visual Studio\2022\Community\VC\Tools\MSVC\14.36.32532\include\xutility(265,77): warning C4244: “参数”: 从“int”转换到“float”，可能丢失数据
C:\Program Files\Microsoft Visual Studio\2022\Community\VC\Tools\MSVC\14.36.32532\include\memory(2092,13): message : 查看对正在编译的函数 模板 实例化“void std::_Construct_in_place<_Ty,int&,int&,sf::Color,sf::Color,int&>(_Ty &,int &,int &,sf::Color &&,sf::Color &&,int &) noexcept(false)”的引用
          with
          [
              _Ty=CShape
          ]
C:\Program Files\Microsoft Visual Studio\2022\Community\VC\Tools\MSVC\14.36.32532\include\memory(2765,46): message : 查看对正在编译的函数 模板 实例化“std::_Ref_count_obj2<CShape>::_Ref_count_obj2<int&,int&,_Ty,_Ty,int&>(int &,int &,_Ty &&,_Ty &&,int &)”的引用
          with
          [
              _Ty=sf::Color
          ]
D:\dev\ECSver1.0\ECSver1.0\src\Game.cpp(233,19): message : 查看对正在编译的函数 模板 实例化“std::shared_ptr<CShape> std::make_shared<CShape,int&,int&,sf::Color,sf::Color,int&>(int &,int &,sf::Color &&,sf::Color &&,int &)”的引用
  ECSver1.0.vcxproj -> D:\dev\ECSver1.0\x64\Debug\ECSver1.0.exe
